100.07.20 16:21 B c:\Dhome\Interest\Farming & Volleyball1_small.jpg --> sc5.sci.hkbu.edu.hk /home/wkpceng/public_html/July/staffhome/Dhome/Interest Farming & Volleyball1_small.jpg
100.07.20 16:21 B c:\Dhome\Interest\Farming & Volleyball2_small.jpg --> sc5.sci.hkbu.edu.hk /home/wkpceng/public_html/July/staffhome/Dhome/Interest Farming & Volleyball2_small.jpg
100.07.20 16:21 B c:\Dhome\Interest\Farming & Volleyball3_small.jpg --> sc5.sci.hkbu.edu.hk /home/wkpceng/public_html/July/staffhome/Dhome/Interest Farming & Volleyball3_small.jpg
100.07.20 16:21 B c:\Dhome\Interest\Farming & Volleyball4_small.jpg --> sc5.sci.hkbu.edu.hk /home/wkpceng/public_html/July/staffhome/Dhome/Interest Farming & Volleyball4_small.jpg
100.07.20 16:26 B c:\Dhome\Interest\Farming & Volleyball1_small.jpg --> sc5.sci.hkbu.edu.hk /home/wkpceng/public_html/July/staffhome/Dhome/Interest Farming & Volleyball1_small.jpg
100.07.20 16:26 B c:\Dhome\Interest\Farming & Volleyball2_small.jpg --> sc5.sci.hkbu.edu.hk /home/wkpceng/public_html/July/staffhome/Dhome/Interest Farming & Volleyball2_small.jpg
100.07.20 16:26 B c:\Dhome\Interest\Farming & Volleyball3_small.jpg --> sc5.sci.hkbu.edu.hk /home/wkpceng/public_html/July/staffhome/Dhome/Interest Farming & Volleyball3_small.jpg
100.07.20 16:26 B c:\Dhome\Interest\Farming & Volleyball4_small.jpg --> sc5.sci.hkbu.edu.hk /home/wkpceng/public_html/July/staffhome/Dhome/Interest Farming & Volleyball4_small.jpg
100.07.20 16:26 B c:\Dhome\Interest\WS_FTP.LOG --> sc5.sci.hkbu.edu.hk /home/wkpceng/public_html/July/staffhome/Dhome/Interest WS_FTP.LOG
100.07.20 19:11 B C:\Dhome\Interest\Farming & Volleyball1.jpg --> sc5.sci.hkbu.edu.hk /home/wkpceng/public_html/July/staffhome/Dhome/Interest Farming & Volleyball1.jpg
100.07.20 19:11 B C:\Dhome\Interest\Farming & Volleyball1_small.jpg --> sc5.sci.hkbu.edu.hk /home/wkpceng/public_html/July/staffhome/Dhome/Interest Farming & Volleyball1_small.jpg
100.07.20 19:11 B C:\Dhome\Interest\Farming & Volleyball2.jpg --> sc5.sci.hkbu.edu.hk /home/wkpceng/public_html/July/staffhome/Dhome/Interest Farming & Volleyball2.jpg
100.07.20 19:11 B C:\Dhome\Interest\Farming & Volleyball2_small.jpg --> sc5.sci.hkbu.edu.hk /home/wkpceng/public_html/July/staffhome/Dhome/Interest Farming & Volleyball2_small.jpg
100.07.20 19:11 B C:\Dhome\Interest\Farming & Volleyball3.jpg --> sc5.sci.hkbu.edu.hk /home/wkpceng/public_html/July/staffhome/Dhome/Interest Farming & Volleyball3.jpg
100.07.20 19:11 B C:\Dhome\Interest\Farming & Volleyball3_small.jpg --> sc5.sci.hkbu.edu.hk /home/wkpceng/public_html/July/staffhome/Dhome/Interest Farming & Volleyball3_small.jpg
100.07.20 19:11 B C:\Dhome\Interest\Farming & Volleyball4.jpg --> sc5.sci.hkbu.edu.hk /home/wkpceng/public_html/July/staffhome/Dhome/Interest Farming & Volleyball4.jpg
100.07.20 19:11 B C:\Dhome\Interest\Farming & Volleyball4_small.jpg --> sc5.sci.hkbu.edu.hk /home/wkpceng/public_html/July/staffhome/Dhome/Interest Farming & Volleyball4_small.jpg
100.07.20 19:11 B C:\Dhome\Interest\WS_FTP.LOG --> sc5.sci.hkbu.edu.hk /home/wkpceng/public_html/July/staffhome/Dhome/Interest WS_FTP.LOG
100.07.20 19:58 B C:\Dhome\Interest\Farming & Volleyball1.jpg --> sc5.sci.hkbu.edu.hk /home/wkpceng/public_html/July/staffhome/Dhome/Interest Farming & Volleyball1.jpg
100.07.20 19:58 B C:\Dhome\Interest\Farming & Volleyball1_small.jpg --> sc5.sci.hkbu.edu.hk /home/wkpceng/public_html/July/staffhome/Dhome/Interest Farming & Volleyball1_small.jpg
100.07.20 19:58 B C:\Dhome\Interest\Farming & Volleyball2.jpg --> sc5.sci.hkbu.edu.hk /home/wkpceng/public_html/July/staffhome/Dhome/Interest Farming & Volleyball2.jpg
100.07.20 19:58 B C:\Dhome\Interest\Farming & Volleyball2_small.jpg --> sc5.sci.hkbu.edu.hk /home/wkpceng/public_html/July/staffhome/Dhome/Interest Farming & Volleyball2_small.jpg
100.07.20 19:58 B C:\Dhome\Interest\Farming & Volleyball3.jpg --> sc5.sci.hkbu.edu.hk /home/wkpceng/public_html/July/staffhome/Dhome/Interest Farming & Volleyball3.jpg
100.07.20 19:58 B C:\Dhome\Interest\Farming & Volleyball3_small.jpg --> sc5.sci.hkbu.edu.hk /home/wkpceng/public_html/July/staffhome/Dhome/Interest Farming & Volleyball3_small.jpg
100.07.20 19:58 B C:\Dhome\Interest\Farming & Volleyball4.jpg --> sc5.sci.hkbu.edu.hk /home/wkpceng/public_html/July/staffhome/Dhome/Interest Farming & Volleyball4.jpg
100.07.20 19:58 B C:\Dhome\Interest\Farming & Volleyball4_small.jpg --> sc5.sci.hkbu.edu.hk /home/wkpceng/public_html/July/staffhome/Dhome/Interest Farming & Volleyball4_small.jpg
2000.07.24 09:07 B D:\workplaceENG\Dhome\Interest\WS_FTP.LOG <-- sc5 /usr/local/apache/htdocs/workplaceENG/July/staffhome/Dhome/Interest WS_FTP.LOG
