100.07.20 16:21 B c:\Dhome\Family_friends\ChunLeung\ChunLeung1.jpg --> sc5.sci.hkbu.edu.hk /home/wkpceng/public_html/July/staffhome/Dhome/Family_friends/ChunLeung ChunLeung1.jpg
100.07.20 16:21 B c:\Dhome\Family_friends\ChunLeung\ChunLeung1_small.jpg --> sc5.sci.hkbu.edu.hk /home/wkpceng/public_html/July/staffhome/Dhome/Family_friends/ChunLeung ChunLeung1_small.jpg
100.07.20 16:21 B c:\Dhome\Family_friends\ChunLeung\ChunLeung1_small1.jpg --> sc5.sci.hkbu.edu.hk /home/wkpceng/public_html/July/staffhome/Dhome/Family_friends/ChunLeung ChunLeung1_small1.jpg
100.07.20 16:21 B c:\Dhome\Family_friends\ChunLeung\ChunLeung2.jpg --> sc5.sci.hkbu.edu.hk /home/wkpceng/public_html/July/staffhome/Dhome/Family_friends/ChunLeung ChunLeung2.jpg
100.07.20 16:21 B c:\Dhome\Family_friends\ChunLeung\ChunLeung2_small.jpg --> sc5.sci.hkbu.edu.hk /home/wkpceng/public_html/July/staffhome/Dhome/Family_friends/ChunLeung ChunLeung2_small.jpg
100.07.20 16:21 B c:\Dhome\Family_friends\ChunLeung\ChunLeung3.jpg --> sc5.sci.hkbu.edu.hk /home/wkpceng/public_html/July/staffhome/Dhome/Family_friends/ChunLeung ChunLeung3.jpg
100.07.20 16:21 B c:\Dhome\Family_friends\ChunLeung\ChunLeung3_small.jpg --> sc5.sci.hkbu.edu.hk /home/wkpceng/public_html/July/staffhome/Dhome/Family_friends/ChunLeung ChunLeung3_small.jpg
100.07.20 16:21 B c:\Dhome\Family_friends\ChunLeung\ChunLeung3_small1.jpg --> sc5.sci.hkbu.edu.hk /home/wkpceng/public_html/July/staffhome/Dhome/Family_friends/ChunLeung ChunLeung3_small1.jpg
100.07.20 16:21 B c:\Dhome\Family_friends\ChunLeung\pspbrwse.jbf --> sc5.sci.hkbu.edu.hk /home/wkpceng/public_html/July/staffhome/Dhome/Family_friends/ChunLeung pspbrwse.jbf
100.07.20 16:26 B c:\Dhome\Family_friends\ChunLeung\ChunLeung1.jpg --> sc5.sci.hkbu.edu.hk /home/wkpceng/public_html/July/staffhome/Dhome/Family_friends/ChunLeung ChunLeung1.jpg
100.07.20 16:26 B c:\Dhome\Family_friends\ChunLeung\ChunLeung1_small.jpg --> sc5.sci.hkbu.edu.hk /home/wkpceng/public_html/July/staffhome/Dhome/Family_friends/ChunLeung ChunLeung1_small.jpg
100.07.20 16:26 B c:\Dhome\Family_friends\ChunLeung\ChunLeung1_small1.jpg --> sc5.sci.hkbu.edu.hk /home/wkpceng/public_html/July/staffhome/Dhome/Family_friends/ChunLeung ChunLeung1_small1.jpg
100.07.20 16:26 B c:\Dhome\Family_friends\ChunLeung\ChunLeung2.jpg --> sc5.sci.hkbu.edu.hk /home/wkpceng/public_html/July/staffhome/Dhome/Family_friends/ChunLeung ChunLeung2.jpg
100.07.20 16:26 B c:\Dhome\Family_friends\ChunLeung\ChunLeung2_small.jpg --> sc5.sci.hkbu.edu.hk /home/wkpceng/public_html/July/staffhome/Dhome/Family_friends/ChunLeung ChunLeung2_small.jpg
100.07.20 16:26 B c:\Dhome\Family_friends\ChunLeung\ChunLeung3.jpg --> sc5.sci.hkbu.edu.hk /home/wkpceng/public_html/July/staffhome/Dhome/Family_friends/ChunLeung ChunLeung3.jpg
100.07.20 16:26 B c:\Dhome\Family_friends\ChunLeung\ChunLeung3_small.jpg --> sc5.sci.hkbu.edu.hk /home/wkpceng/public_html/July/staffhome/Dhome/Family_friends/ChunLeung ChunLeung3_small.jpg
100.07.20 16:26 B c:\Dhome\Family_friends\ChunLeung\ChunLeung3_small1.jpg --> sc5.sci.hkbu.edu.hk /home/wkpceng/public_html/July/staffhome/Dhome/Family_friends/ChunLeung ChunLeung3_small1.jpg
100.07.20 16:26 B c:\Dhome\Family_friends\ChunLeung\pspbrwse.jbf --> sc5.sci.hkbu.edu.hk /home/wkpceng/public_html/July/staffhome/Dhome/Family_friends/ChunLeung pspbrwse.jbf
100.07.20 16:26 B c:\Dhome\Family_friends\ChunLeung\WS_FTP.LOG --> sc5.sci.hkbu.edu.hk /home/wkpceng/public_html/July/staffhome/Dhome/Family_friends/ChunLeung WS_FTP.LOG
100.07.20 19:10 B C:\Dhome\Family_friends\ChunLeung\ChunLeung1.jpg --> sc5.sci.hkbu.edu.hk /home/wkpceng/public_html/July/staffhome/Dhome/Family_friends/ChunLeung ChunLeung1.jpg
100.07.20 19:10 B C:\Dhome\Family_friends\ChunLeung\ChunLeung1_small.jpg --> sc5.sci.hkbu.edu.hk /home/wkpceng/public_html/July/staffhome/Dhome/Family_friends/ChunLeung ChunLeung1_small.jpg
100.07.20 19:10 B C:\Dhome\Family_friends\ChunLeung\ChunLeung1_small1.jpg --> sc5.sci.hkbu.edu.hk /home/wkpceng/public_html/July/staffhome/Dhome/Family_friends/ChunLeung ChunLeung1_small1.jpg
100.07.20 19:10 B C:\Dhome\Family_friends\ChunLeung\ChunLeung2.jpg --> sc5.sci.hkbu.edu.hk /home/wkpceng/public_html/July/staffhome/Dhome/Family_friends/ChunLeung ChunLeung2.jpg
100.07.20 19:10 B C:\Dhome\Family_friends\ChunLeung\ChunLeung2_small.jpg --> sc5.sci.hkbu.edu.hk /home/wkpceng/public_html/July/staffhome/Dhome/Family_friends/ChunLeung ChunLeung2_small.jpg
100.07.20 19:10 B C:\Dhome\Family_friends\ChunLeung\ChunLeung3.jpg --> sc5.sci.hkbu.edu.hk /home/wkpceng/public_html/July/staffhome/Dhome/Family_friends/ChunLeung ChunLeung3.jpg
100.07.20 19:10 B C:\Dhome\Family_friends\ChunLeung\ChunLeung3_small.jpg --> sc5.sci.hkbu.edu.hk /home/wkpceng/public_html/July/staffhome/Dhome/Family_friends/ChunLeung ChunLeung3_small.jpg
100.07.20 19:10 B C:\Dhome\Family_friends\ChunLeung\ChunLeung3_small1.jpg --> sc5.sci.hkbu.edu.hk /home/wkpceng/public_html/July/staffhome/Dhome/Family_friends/ChunLeung ChunLeung3_small1.jpg
100.07.20 19:10 B C:\Dhome\Family_friends\ChunLeung\pspbrwse.jbf --> sc5.sci.hkbu.edu.hk /home/wkpceng/public_html/July/staffhome/Dhome/Family_friends/ChunLeung pspbrwse.jbf
100.07.20 19:10 B C:\Dhome\Family_friends\ChunLeung\WS_FTP.LOG --> sc5.sci.hkbu.edu.hk /home/wkpceng/public_html/July/staffhome/Dhome/Family_friends/ChunLeung WS_FTP.LOG
100.07.20 19:58 B C:\Dhome\Family_friends\ChunLeung\ChunLeung1.jpg --> sc5.sci.hkbu.edu.hk /home/wkpceng/public_html/July/staffhome/Dhome/Family_friends/ChunLeung ChunLeung1.jpg
100.07.20 19:58 B C:\Dhome\Family_friends\ChunLeung\ChunLeung1_small.jpg --> sc5.sci.hkbu.edu.hk /home/wkpceng/public_html/July/staffhome/Dhome/Family_friends/ChunLeung ChunLeung1_small.jpg
100.07.20 19:58 B C:\Dhome\Family_friends\ChunLeung\ChunLeung1_small1.jpg --> sc5.sci.hkbu.edu.hk /home/wkpceng/public_html/July/staffhome/Dhome/Family_friends/ChunLeung ChunLeung1_small1.jpg
100.07.20 19:58 B C:\Dhome\Family_friends\ChunLeung\ChunLeung2.jpg --> sc5.sci.hkbu.edu.hk /home/wkpceng/public_html/July/staffhome/Dhome/Family_friends/ChunLeung ChunLeung2.jpg
100.07.20 19:58 B C:\Dhome\Family_friends\ChunLeung\ChunLeung2_small.jpg --> sc5.sci.hkbu.edu.hk /home/wkpceng/public_html/July/staffhome/Dhome/Family_friends/ChunLeung ChunLeung2_small.jpg
100.07.20 19:58 B C:\Dhome\Family_friends\ChunLeung\ChunLeung3.jpg --> sc5.sci.hkbu.edu.hk /home/wkpceng/public_html/July/staffhome/Dhome/Family_friends/ChunLeung ChunLeung3.jpg
100.07.20 19:58 B C:\Dhome\Family_friends\ChunLeung\ChunLeung3_small.jpg --> sc5.sci.hkbu.edu.hk /home/wkpceng/public_html/July/staffhome/Dhome/Family_friends/ChunLeung ChunLeung3_small.jpg
100.07.20 19:58 B C:\Dhome\Family_friends\ChunLeung\ChunLeung3_small1.jpg --> sc5.sci.hkbu.edu.hk /home/wkpceng/public_html/July/staffhome/Dhome/Family_friends/ChunLeung ChunLeung3_small1.jpg
100.07.20 19:58 B C:\Dhome\Family_friends\ChunLeung\pspbrwse.jbf --> sc5.sci.hkbu.edu.hk /home/wkpceng/public_html/July/staffhome/Dhome/Family_friends/ChunLeung pspbrwse.jbf
2000.07.24 09:07 B D:\workplaceENG\Dhome\Family_friends\ChunLeung\WS_FTP.LOG <-- sc5 /usr/local/apache/htdocs/workplaceENG/July/staffhome/Dhome/Family_friends/ChunLeung WS_FTP.LOG
