100.07.20 16:21 B c:\Dhome\Index\b_family1.gif --> sc5.sci.hkbu.edu.hk /home/wkpceng/public_html/July/staffhome/Dhome/Index b_family1.gif
100.07.20 16:21 B c:\Dhome\Index\b_home.gif --> sc5.sci.hkbu.edu.hk /home/wkpceng/public_html/July/staffhome/Dhome/Index b_home.gif
100.07.20 16:21 B c:\Dhome\Index\b_interests1.gif --> sc5.sci.hkbu.edu.hk /home/wkpceng/public_html/July/staffhome/Dhome/Index b_interests1.gif
100.07.20 16:21 B c:\Dhome\Index\b_links1.gif --> sc5.sci.hkbu.edu.hk /home/wkpceng/public_html/July/staffhome/Dhome/Index b_links1.gif
100.07.20 16:21 B c:\Dhome\Index\b_publications1.gif --> sc5.sci.hkbu.edu.hk /home/wkpceng/public_html/July/staffhome/Dhome/Index b_publications1.gif
100.07.20 16:21 B c:\Dhome\Index\Family_a.gif --> sc5.sci.hkbu.edu.hk /home/wkpceng/public_html/July/staffhome/Dhome/Index Family_a.gif
100.07.20 16:21 B c:\Dhome\Index\gardensnav.gif --> sc5.sci.hkbu.edu.hk /home/wkpceng/public_html/July/staffhome/Dhome/Index gardensnav.gif
100.07.20 16:21 B c:\Dhome\Index\Info_Highway.gif --> sc5.sci.hkbu.edu.hk /home/wkpceng/public_html/July/staffhome/Dhome/Index Info_Highway.gif
100.07.20 16:21 B c:\Dhome\Index\Publications_a1.gif --> sc5.sci.hkbu.edu.hk /home/wkpceng/public_html/July/staffhome/Dhome/Index Publications_a1.gif
100.07.20 16:21 B c:\Dhome\Index\shiu1.gif --> sc5.sci.hkbu.edu.hk /home/wkpceng/public_html/July/staffhome/Dhome/Index shiu1.gif
100.07.20 16:21 B c:\Dhome\Index\simple.gif --> sc5.sci.hkbu.edu.hk /home/wkpceng/public_html/July/staffhome/Dhome/Index simple.gif
100.07.20 16:26 B c:\Dhome\Index\b_family1.gif --> sc5.sci.hkbu.edu.hk /home/wkpceng/public_html/July/staffhome/Dhome/Index b_family1.gif
100.07.20 16:26 B c:\Dhome\Index\b_home.gif --> sc5.sci.hkbu.edu.hk /home/wkpceng/public_html/July/staffhome/Dhome/Index b_home.gif
100.07.20 16:26 B c:\Dhome\Index\b_interests1.gif --> sc5.sci.hkbu.edu.hk /home/wkpceng/public_html/July/staffhome/Dhome/Index b_interests1.gif
100.07.20 16:26 B c:\Dhome\Index\b_links1.gif --> sc5.sci.hkbu.edu.hk /home/wkpceng/public_html/July/staffhome/Dhome/Index b_links1.gif
100.07.20 16:26 B c:\Dhome\Index\b_publications1.gif --> sc5.sci.hkbu.edu.hk /home/wkpceng/public_html/July/staffhome/Dhome/Index b_publications1.gif
100.07.20 16:26 B c:\Dhome\Index\Family_a.gif --> sc5.sci.hkbu.edu.hk /home/wkpceng/public_html/July/staffhome/Dhome/Index Family_a.gif
100.07.20 16:26 B c:\Dhome\Index\gardensnav.gif --> sc5.sci.hkbu.edu.hk /home/wkpceng/public_html/July/staffhome/Dhome/Index gardensnav.gif
100.07.20 16:26 B c:\Dhome\Index\Info_Highway.gif --> sc5.sci.hkbu.edu.hk /home/wkpceng/public_html/July/staffhome/Dhome/Index Info_Highway.gif
100.07.20 16:26 B c:\Dhome\Index\Publications_a1.gif --> sc5.sci.hkbu.edu.hk /home/wkpceng/public_html/July/staffhome/Dhome/Index Publications_a1.gif
100.07.20 16:26 B c:\Dhome\Index\shiu1.gif --> sc5.sci.hkbu.edu.hk /home/wkpceng/public_html/July/staffhome/Dhome/Index shiu1.gif
100.07.20 16:26 B c:\Dhome\Index\simple.gif --> sc5.sci.hkbu.edu.hk /home/wkpceng/public_html/July/staffhome/Dhome/Index simple.gif
100.07.20 16:26 B c:\Dhome\Index\WS_FTP.LOG --> sc5.sci.hkbu.edu.hk /home/wkpceng/public_html/July/staffhome/Dhome/Index WS_FTP.LOG
100.07.20 19:10 B C:\Dhome\Index\b_family1.gif --> sc5.sci.hkbu.edu.hk /home/wkpceng/public_html/July/staffhome/Dhome/Index b_family1.gif
100.07.20 19:10 B C:\Dhome\Index\b_home.gif --> sc5.sci.hkbu.edu.hk /home/wkpceng/public_html/July/staffhome/Dhome/Index b_home.gif
100.07.20 19:10 B C:\Dhome\Index\b_interests1.gif --> sc5.sci.hkbu.edu.hk /home/wkpceng/public_html/July/staffhome/Dhome/Index b_interests1.gif
100.07.20 19:10 B C:\Dhome\Index\b_links1.gif --> sc5.sci.hkbu.edu.hk /home/wkpceng/public_html/July/staffhome/Dhome/Index b_links1.gif
100.07.20 19:10 B C:\Dhome\Index\b_publications1.gif --> sc5.sci.hkbu.edu.hk /home/wkpceng/public_html/July/staffhome/Dhome/Index b_publications1.gif
100.07.20 19:10 B C:\Dhome\Index\Family_a.gif --> sc5.sci.hkbu.edu.hk /home/wkpceng/public_html/July/staffhome/Dhome/Index Family_a.gif
100.07.20 19:10 B C:\Dhome\Index\gardensnav.gif --> sc5.sci.hkbu.edu.hk /home/wkpceng/public_html/July/staffhome/Dhome/Index gardensnav.gif
100.07.20 19:10 B C:\Dhome\Index\Info_Highway.gif --> sc5.sci.hkbu.edu.hk /home/wkpceng/public_html/July/staffhome/Dhome/Index Info_Highway.gif
100.07.20 19:10 B C:\Dhome\Index\Publications_a1.gif --> sc5.sci.hkbu.edu.hk /home/wkpceng/public_html/July/staffhome/Dhome/Index Publications_a1.gif
100.07.20 19:11 B C:\Dhome\Index\shiu1.gif --> sc5.sci.hkbu.edu.hk /home/wkpceng/public_html/July/staffhome/Dhome/Index shiu1.gif
100.07.20 19:11 B C:\Dhome\Index\simple.gif --> sc5.sci.hkbu.edu.hk /home/wkpceng/public_html/July/staffhome/Dhome/Index simple.gif
100.07.20 19:11 B C:\Dhome\Index\WS_FTP.LOG --> sc5.sci.hkbu.edu.hk /home/wkpceng/public_html/July/staffhome/Dhome/Index WS_FTP.LOG
100.07.20 19:58 B C:\Dhome\Index\b_family1.gif --> sc5.sci.hkbu.edu.hk /home/wkpceng/public_html/July/staffhome/Dhome/Index b_family1.gif
100.07.20 19:58 B C:\Dhome\Index\b_home.gif --> sc5.sci.hkbu.edu.hk /home/wkpceng/public_html/July/staffhome/Dhome/Index b_home.gif
100.07.20 19:58 B C:\Dhome\Index\b_interests1.gif --> sc5.sci.hkbu.edu.hk /home/wkpceng/public_html/July/staffhome/Dhome/Index b_interests1.gif
100.07.20 19:58 B C:\Dhome\Index\b_links1.gif --> sc5.sci.hkbu.edu.hk /home/wkpceng/public_html/July/staffhome/Dhome/Index b_links1.gif
100.07.20 19:58 B C:\Dhome\Index\b_publications1.gif --> sc5.sci.hkbu.edu.hk /home/wkpceng/public_html/July/staffhome/Dhome/Index b_publications1.gif
100.07.20 19:58 B C:\Dhome\Index\Family_a.gif --> sc5.sci.hkbu.edu.hk /home/wkpceng/public_html/July/staffhome/Dhome/Index Family_a.gif
100.07.20 19:58 B C:\Dhome\Index\gardensnav.gif --> sc5.sci.hkbu.edu.hk /home/wkpceng/public_html/July/staffhome/Dhome/Index gardensnav.gif
100.07.20 19:58 B C:\Dhome\Index\Info_Highway.gif --> sc5.sci.hkbu.edu.hk /home/wkpceng/public_html/July/staffhome/Dhome/Index Info_Highway.gif
100.07.20 19:58 B C:\Dhome\Index\Publications_a1.gif --> sc5.sci.hkbu.edu.hk /home/wkpceng/public_html/July/staffhome/Dhome/Index Publications_a1.gif
100.07.20 19:58 B C:\Dhome\Index\shiu1.gif --> sc5.sci.hkbu.edu.hk /home/wkpceng/public_html/July/staffhome/Dhome/Index shiu1.gif
100.07.20 19:58 B C:\Dhome\Index\simple.gif --> sc5.sci.hkbu.edu.hk /home/wkpceng/public_html/July/staffhome/Dhome/Index simple.gif
2000.07.24 09:07 B D:\workplaceENG\Dhome\Index\WS_FTP.LOG <-- sc5 /usr/local/apache/htdocs/workplaceENG/July/staffhome/Dhome/Index WS_FTP.LOG
