100.07.20 16:21 B c:\Dhome\Family_friends\family\Family1_small.jpg --> sc5.sci.hkbu.edu.hk /home/wkpceng/public_html/July/staffhome/Dhome/Family_friends/family Family1_small.jpg
100.07.20 16:21 B c:\Dhome\Family_friends\family\family2_small.jpg --> sc5.sci.hkbu.edu.hk /home/wkpceng/public_html/July/staffhome/Dhome/Family_friends/family family2_small.jpg
100.07.20 16:21 B c:\Dhome\Family_friends\family\family3_small.jpg --> sc5.sci.hkbu.edu.hk /home/wkpceng/public_html/July/staffhome/Dhome/Family_friends/family family3_small.jpg
100.07.20 16:26 B c:\Dhome\Family_friends\family\Family1_small.jpg --> sc5.sci.hkbu.edu.hk /home/wkpceng/public_html/July/staffhome/Dhome/Family_friends/family Family1_small.jpg
100.07.20 16:26 B c:\Dhome\Family_friends\family\family2_small.jpg --> sc5.sci.hkbu.edu.hk /home/wkpceng/public_html/July/staffhome/Dhome/Family_friends/family family2_small.jpg
100.07.20 16:26 B c:\Dhome\Family_friends\family\family3_small.jpg --> sc5.sci.hkbu.edu.hk /home/wkpceng/public_html/July/staffhome/Dhome/Family_friends/family family3_small.jpg
100.07.20 16:26 B c:\Dhome\Family_friends\family\WS_FTP.LOG --> sc5.sci.hkbu.edu.hk /home/wkpceng/public_html/July/staffhome/Dhome/Family_friends/family WS_FTP.LOG
100.07.20 19:10 B C:\Dhome\Family_friends\family\Family1.jpg --> sc5.sci.hkbu.edu.hk /home/wkpceng/public_html/July/staffhome/Dhome/Family_friends/family Family1.jpg
100.07.20 19:10 B C:\Dhome\Family_friends\family\Family1_small.jpg --> sc5.sci.hkbu.edu.hk /home/wkpceng/public_html/July/staffhome/Dhome/Family_friends/family Family1_small.jpg
100.07.20 19:10 B C:\Dhome\Family_friends\family\family2.jpg --> sc5.sci.hkbu.edu.hk /home/wkpceng/public_html/July/staffhome/Dhome/Family_friends/family family2.jpg
100.07.20 19:10 B C:\Dhome\Family_friends\family\family2_small.jpg --> sc5.sci.hkbu.edu.hk /home/wkpceng/public_html/July/staffhome/Dhome/Family_friends/family family2_small.jpg
100.07.20 19:10 B C:\Dhome\Family_friends\family\family3.jpg --> sc5.sci.hkbu.edu.hk /home/wkpceng/public_html/July/staffhome/Dhome/Family_friends/family family3.jpg
100.07.20 19:10 B C:\Dhome\Family_friends\family\family3_small.jpg --> sc5.sci.hkbu.edu.hk /home/wkpceng/public_html/July/staffhome/Dhome/Family_friends/family family3_small.jpg
100.07.20 19:10 B C:\Dhome\Family_friends\family\WS_FTP.LOG --> sc5.sci.hkbu.edu.hk /home/wkpceng/public_html/July/staffhome/Dhome/Family_friends/family WS_FTP.LOG
100.07.20 19:58 B C:\Dhome\Family_friends\family\Family1.jpg --> sc5.sci.hkbu.edu.hk /home/wkpceng/public_html/July/staffhome/Dhome/Family_friends/family Family1.jpg
100.07.20 19:58 B C:\Dhome\Family_friends\family\Family1_small.jpg --> sc5.sci.hkbu.edu.hk /home/wkpceng/public_html/July/staffhome/Dhome/Family_friends/family Family1_small.jpg
100.07.20 19:58 B C:\Dhome\Family_friends\family\family2.jpg --> sc5.sci.hkbu.edu.hk /home/wkpceng/public_html/July/staffhome/Dhome/Family_friends/family family2.jpg
100.07.20 19:58 B C:\Dhome\Family_friends\family\family2_small.jpg --> sc5.sci.hkbu.edu.hk /home/wkpceng/public_html/July/staffhome/Dhome/Family_friends/family family2_small.jpg
100.07.20 19:58 B C:\Dhome\Family_friends\family\family3.jpg --> sc5.sci.hkbu.edu.hk /home/wkpceng/public_html/July/staffhome/Dhome/Family_friends/family family3.jpg
100.07.20 19:58 B C:\Dhome\Family_friends\family\family3_small.jpg --> sc5.sci.hkbu.edu.hk /home/wkpceng/public_html/July/staffhome/Dhome/Family_friends/family family3_small.jpg
2000.07.24 09:07 B D:\workplaceENG\Dhome\Family_friends\family\WS_FTP.LOG <-- sc5 /usr/local/apache/htdocs/workplaceENG/July/staffhome/Dhome/Family_friends/family WS_FTP.LOG
