100.07.20 16:21 B c:\Dhome\Family_friends\ChunHeng\ChunHeng1.jpg --> sc5.sci.hkbu.edu.hk /home/wkpceng/public_html/July/staffhome/Dhome/Family_friends/ChunHeng ChunHeng1.jpg
100.07.20 16:21 B c:\Dhome\Family_friends\ChunHeng\ChunHeng1_small.jpg --> sc5.sci.hkbu.edu.hk /home/wkpceng/public_html/July/staffhome/Dhome/Family_friends/ChunHeng ChunHeng1_small.jpg
100.07.20 16:21 B c:\Dhome\Family_friends\ChunHeng\ChunHeng1_small1.jpg --> sc5.sci.hkbu.edu.hk /home/wkpceng/public_html/July/staffhome/Dhome/Family_friends/ChunHeng ChunHeng1_small1.jpg
100.07.20 16:21 B c:\Dhome\Family_friends\ChunHeng\ChunHeng2.jpg --> sc5.sci.hkbu.edu.hk /home/wkpceng/public_html/July/staffhome/Dhome/Family_friends/ChunHeng ChunHeng2.jpg
100.07.20 16:21 B c:\Dhome\Family_friends\ChunHeng\ChunHeng2_small.jpg --> sc5.sci.hkbu.edu.hk /home/wkpceng/public_html/July/staffhome/Dhome/Family_friends/ChunHeng ChunHeng2_small.jpg
100.07.20 16:21 B c:\Dhome\Family_friends\ChunHeng\ChunHeng3.jpg --> sc5.sci.hkbu.edu.hk /home/wkpceng/public_html/July/staffhome/Dhome/Family_friends/ChunHeng ChunHeng3.jpg
100.07.20 16:21 B c:\Dhome\Family_friends\ChunHeng\ChunHeng3_small.jpg --> sc5.sci.hkbu.edu.hk /home/wkpceng/public_html/July/staffhome/Dhome/Family_friends/ChunHeng ChunHeng3_small.jpg
100.07.20 16:21 B c:\Dhome\Family_friends\ChunHeng\pspbrwse.jbf --> sc5.sci.hkbu.edu.hk /home/wkpceng/public_html/July/staffhome/Dhome/Family_friends/ChunHeng pspbrwse.jbf
100.07.20 16:26 B c:\Dhome\Family_friends\ChunHeng\ChunHeng1.jpg --> sc5.sci.hkbu.edu.hk /home/wkpceng/public_html/July/staffhome/Dhome/Family_friends/ChunHeng ChunHeng1.jpg
100.07.20 16:26 B c:\Dhome\Family_friends\ChunHeng\ChunHeng1_small.jpg --> sc5.sci.hkbu.edu.hk /home/wkpceng/public_html/July/staffhome/Dhome/Family_friends/ChunHeng ChunHeng1_small.jpg
100.07.20 16:26 B c:\Dhome\Family_friends\ChunHeng\ChunHeng1_small1.jpg --> sc5.sci.hkbu.edu.hk /home/wkpceng/public_html/July/staffhome/Dhome/Family_friends/ChunHeng ChunHeng1_small1.jpg
100.07.20 16:26 B c:\Dhome\Family_friends\ChunHeng\ChunHeng2.jpg --> sc5.sci.hkbu.edu.hk /home/wkpceng/public_html/July/staffhome/Dhome/Family_friends/ChunHeng ChunHeng2.jpg
100.07.20 16:26 B c:\Dhome\Family_friends\ChunHeng\ChunHeng2_small.jpg --> sc5.sci.hkbu.edu.hk /home/wkpceng/public_html/July/staffhome/Dhome/Family_friends/ChunHeng ChunHeng2_small.jpg
100.07.20 16:26 B c:\Dhome\Family_friends\ChunHeng\ChunHeng3.jpg --> sc5.sci.hkbu.edu.hk /home/wkpceng/public_html/July/staffhome/Dhome/Family_friends/ChunHeng ChunHeng3.jpg
100.07.20 16:26 B c:\Dhome\Family_friends\ChunHeng\ChunHeng3_small.jpg --> sc5.sci.hkbu.edu.hk /home/wkpceng/public_html/July/staffhome/Dhome/Family_friends/ChunHeng ChunHeng3_small.jpg
100.07.20 16:26 B c:\Dhome\Family_friends\ChunHeng\pspbrwse.jbf --> sc5.sci.hkbu.edu.hk /home/wkpceng/public_html/July/staffhome/Dhome/Family_friends/ChunHeng pspbrwse.jbf
100.07.20 16:26 B c:\Dhome\Family_friends\ChunHeng\WS_FTP.LOG --> sc5.sci.hkbu.edu.hk /home/wkpceng/public_html/July/staffhome/Dhome/Family_friends/ChunHeng WS_FTP.LOG
100.07.20 19:10 B C:\Dhome\Family_friends\ChunHeng\ChunHeng1.jpg --> sc5.sci.hkbu.edu.hk /home/wkpceng/public_html/July/staffhome/Dhome/Family_friends/ChunHeng ChunHeng1.jpg
100.07.20 19:10 B C:\Dhome\Family_friends\ChunHeng\ChunHeng1_small.jpg --> sc5.sci.hkbu.edu.hk /home/wkpceng/public_html/July/staffhome/Dhome/Family_friends/ChunHeng ChunHeng1_small.jpg
100.07.20 19:10 B C:\Dhome\Family_friends\ChunHeng\ChunHeng1_small1.jpg --> sc5.sci.hkbu.edu.hk /home/wkpceng/public_html/July/staffhome/Dhome/Family_friends/ChunHeng ChunHeng1_small1.jpg
100.07.20 19:10 B C:\Dhome\Family_friends\ChunHeng\ChunHeng2.jpg --> sc5.sci.hkbu.edu.hk /home/wkpceng/public_html/July/staffhome/Dhome/Family_friends/ChunHeng ChunHeng2.jpg
100.07.20 19:10 B C:\Dhome\Family_friends\ChunHeng\ChunHeng2_small.jpg --> sc5.sci.hkbu.edu.hk /home/wkpceng/public_html/July/staffhome/Dhome/Family_friends/ChunHeng ChunHeng2_small.jpg
100.07.20 19:10 B C:\Dhome\Family_friends\ChunHeng\ChunHeng3.jpg --> sc5.sci.hkbu.edu.hk /home/wkpceng/public_html/July/staffhome/Dhome/Family_friends/ChunHeng ChunHeng3.jpg
100.07.20 19:10 B C:\Dhome\Family_friends\ChunHeng\ChunHeng3_small.jpg --> sc5.sci.hkbu.edu.hk /home/wkpceng/public_html/July/staffhome/Dhome/Family_friends/ChunHeng ChunHeng3_small.jpg
100.07.20 19:10 B C:\Dhome\Family_friends\ChunHeng\pspbrwse.jbf --> sc5.sci.hkbu.edu.hk /home/wkpceng/public_html/July/staffhome/Dhome/Family_friends/ChunHeng pspbrwse.jbf
100.07.20 19:10 B C:\Dhome\Family_friends\ChunHeng\WS_FTP.LOG --> sc5.sci.hkbu.edu.hk /home/wkpceng/public_html/July/staffhome/Dhome/Family_friends/ChunHeng WS_FTP.LOG
100.07.20 19:58 B C:\Dhome\Family_friends\ChunHeng\ChunHeng1.jpg --> sc5.sci.hkbu.edu.hk /home/wkpceng/public_html/July/staffhome/Dhome/Family_friends/ChunHeng ChunHeng1.jpg
100.07.20 19:58 B C:\Dhome\Family_friends\ChunHeng\ChunHeng1_small.jpg --> sc5.sci.hkbu.edu.hk /home/wkpceng/public_html/July/staffhome/Dhome/Family_friends/ChunHeng ChunHeng1_small.jpg
100.07.20 19:58 B C:\Dhome\Family_friends\ChunHeng\ChunHeng1_small1.jpg --> sc5.sci.hkbu.edu.hk /home/wkpceng/public_html/July/staffhome/Dhome/Family_friends/ChunHeng ChunHeng1_small1.jpg
100.07.20 19:58 B C:\Dhome\Family_friends\ChunHeng\ChunHeng2.jpg --> sc5.sci.hkbu.edu.hk /home/wkpceng/public_html/July/staffhome/Dhome/Family_friends/ChunHeng ChunHeng2.jpg
100.07.20 19:58 B C:\Dhome\Family_friends\ChunHeng\ChunHeng2_small.jpg --> sc5.sci.hkbu.edu.hk /home/wkpceng/public_html/July/staffhome/Dhome/Family_friends/ChunHeng ChunHeng2_small.jpg
100.07.20 19:58 B C:\Dhome\Family_friends\ChunHeng\ChunHeng3.jpg --> sc5.sci.hkbu.edu.hk /home/wkpceng/public_html/July/staffhome/Dhome/Family_friends/ChunHeng ChunHeng3.jpg
100.07.20 19:58 B C:\Dhome\Family_friends\ChunHeng\ChunHeng3_small.jpg --> sc5.sci.hkbu.edu.hk /home/wkpceng/public_html/July/staffhome/Dhome/Family_friends/ChunHeng ChunHeng3_small.jpg
100.07.20 19:58 B C:\Dhome\Family_friends\ChunHeng\pspbrwse.jbf --> sc5.sci.hkbu.edu.hk /home/wkpceng/public_html/July/staffhome/Dhome/Family_friends/ChunHeng pspbrwse.jbf
2000.07.24 09:07 B D:\workplaceENG\Dhome\Family_friends\ChunHeng\WS_FTP.LOG <-- sc5 /usr/local/apache/htdocs/workplaceENG/July/staffhome/Dhome/Family_friends/ChunHeng WS_FTP.LOG
