100.07.20 16:21 B c:\Dhome\Family_friends\Family_friends\Family & Friends1_small.jpg --> sc5.sci.hkbu.edu.hk /home/wkpceng/public_html/July/staffhome/Dhome/Family_friends/Family_friends Family & Friends1_small.jpg
100.07.20 16:21 B c:\Dhome\Family_friends\Family_friends\Family & Friends2-small.jpg --> sc5.sci.hkbu.edu.hk /home/wkpceng/public_html/July/staffhome/Dhome/Family_friends/Family_friends Family & Friends2-small.jpg
100.07.20 16:21 B c:\Dhome\Family_friends\Family_friends\Family & Friends3_small.jpg --> sc5.sci.hkbu.edu.hk /home/wkpceng/public_html/July/staffhome/Dhome/Family_friends/Family_friends Family & Friends3_small.jpg
100.07.20 16:21 B c:\Dhome\Family_friends\Family_friends\Family & Friends4_small.jpg --> sc5.sci.hkbu.edu.hk /home/wkpceng/public_html/July/staffhome/Dhome/Family_friends/Family_friends Family & Friends4_small.jpg
100.07.20 16:21 B c:\Dhome\Family_friends\Family_friends\Family & Friends5_small.jpg --> sc5.sci.hkbu.edu.hk /home/wkpceng/public_html/July/staffhome/Dhome/Family_friends/Family_friends Family & Friends5_small.jpg
100.07.20 16:21 B c:\Dhome\Family_friends\Family_friends\Family & Friends6_small.jpg --> sc5.sci.hkbu.edu.hk /home/wkpceng/public_html/July/staffhome/Dhome/Family_friends/Family_friends Family & Friends6_small.jpg
100.07.20 16:21 B c:\Dhome\Family_friends\Family_friends\Family & Friends7_small.jpg --> sc5.sci.hkbu.edu.hk /home/wkpceng/public_html/July/staffhome/Dhome/Family_friends/Family_friends Family & Friends7_small.jpg
100.07.20 16:21 B c:\Dhome\Family_friends\Family_friends\Family & Friends8_small.jpg --> sc5.sci.hkbu.edu.hk /home/wkpceng/public_html/July/staffhome/Dhome/Family_friends/Family_friends Family & Friends8_small.jpg
100.07.20 16:21 B c:\Dhome\Family_friends\Family_friends\Family & Friends9_small.jpg --> sc5.sci.hkbu.edu.hk /home/wkpceng/public_html/July/staffhome/Dhome/Family_friends/Family_friends Family & Friends9_small.jpg
100.07.20 16:26 B c:\Dhome\Family_friends\Family_friends\Family & Friends1_small.jpg --> sc5.sci.hkbu.edu.hk /home/wkpceng/public_html/July/staffhome/Dhome/Family_friends/Family_friends Family & Friends1_small.jpg
100.07.20 16:26 B c:\Dhome\Family_friends\Family_friends\Family & Friends2-small.jpg --> sc5.sci.hkbu.edu.hk /home/wkpceng/public_html/July/staffhome/Dhome/Family_friends/Family_friends Family & Friends2-small.jpg
100.07.20 16:26 B c:\Dhome\Family_friends\Family_friends\Family & Friends3_small.jpg --> sc5.sci.hkbu.edu.hk /home/wkpceng/public_html/July/staffhome/Dhome/Family_friends/Family_friends Family & Friends3_small.jpg
100.07.20 16:26 B c:\Dhome\Family_friends\Family_friends\Family & Friends4_small.jpg --> sc5.sci.hkbu.edu.hk /home/wkpceng/public_html/July/staffhome/Dhome/Family_friends/Family_friends Family & Friends4_small.jpg
100.07.20 16:26 B c:\Dhome\Family_friends\Family_friends\Family & Friends5_small.jpg --> sc5.sci.hkbu.edu.hk /home/wkpceng/public_html/July/staffhome/Dhome/Family_friends/Family_friends Family & Friends5_small.jpg
100.07.20 16:26 B c:\Dhome\Family_friends\Family_friends\Family & Friends6_small.jpg --> sc5.sci.hkbu.edu.hk /home/wkpceng/public_html/July/staffhome/Dhome/Family_friends/Family_friends Family & Friends6_small.jpg
100.07.20 16:26 B c:\Dhome\Family_friends\Family_friends\Family & Friends7_small.jpg --> sc5.sci.hkbu.edu.hk /home/wkpceng/public_html/July/staffhome/Dhome/Family_friends/Family_friends Family & Friends7_small.jpg
100.07.20 16:26 B c:\Dhome\Family_friends\Family_friends\Family & Friends8_small.jpg --> sc5.sci.hkbu.edu.hk /home/wkpceng/public_html/July/staffhome/Dhome/Family_friends/Family_friends Family & Friends8_small.jpg
100.07.20 16:26 B c:\Dhome\Family_friends\Family_friends\Family & Friends9_small.jpg --> sc5.sci.hkbu.edu.hk /home/wkpceng/public_html/July/staffhome/Dhome/Family_friends/Family_friends Family & Friends9_small.jpg
100.07.20 16:26 B c:\Dhome\Family_friends\Family_friends\WS_FTP.LOG --> sc5.sci.hkbu.edu.hk /home/wkpceng/public_html/July/staffhome/Dhome/Family_friends/Family_friends WS_FTP.LOG
100.07.20 19:10 B C:\Dhome\Family_friends\Family_friends\Family_Friends1.jpg --> sc5.sci.hkbu.edu.hk /home/wkpceng/public_html/July/staffhome/Dhome/Family_friends/Family_friends Family_Friends1.jpg
100.07.20 19:10 B C:\Dhome\Family_friends\Family_friends\Family_Friends1_small.jpg --> sc5.sci.hkbu.edu.hk /home/wkpceng/public_html/July/staffhome/Dhome/Family_friends/Family_friends Family_Friends1_small.jpg
100.07.20 19:10 B C:\Dhome\Family_friends\Family_friends\Family_Friends2.jpg --> sc5.sci.hkbu.edu.hk /home/wkpceng/public_html/July/staffhome/Dhome/Family_friends/Family_friends Family_Friends2.jpg
100.07.20 19:10 B C:\Dhome\Family_friends\Family_friends\Family_Friends2_small.jpg --> sc5.sci.hkbu.edu.hk /home/wkpceng/public_html/July/staffhome/Dhome/Family_friends/Family_friends Family_Friends2_small.jpg
100.07.20 19:10 B C:\Dhome\Family_friends\Family_friends\Family_Friends3.jpg --> sc5.sci.hkbu.edu.hk /home/wkpceng/public_html/July/staffhome/Dhome/Family_friends/Family_friends Family_Friends3.jpg
100.07.20 19:10 B C:\Dhome\Family_friends\Family_friends\Family_Friends3_small.jpg --> sc5.sci.hkbu.edu.hk /home/wkpceng/public_html/July/staffhome/Dhome/Family_friends/Family_friends Family_Friends3_small.jpg
100.07.20 19:10 B C:\Dhome\Family_friends\Family_friends\Family_Friends4.jpg --> sc5.sci.hkbu.edu.hk /home/wkpceng/public_html/July/staffhome/Dhome/Family_friends/Family_friends Family_Friends4.jpg
100.07.20 19:10 B C:\Dhome\Family_friends\Family_friends\Family_Friends4_small.jpg --> sc5.sci.hkbu.edu.hk /home/wkpceng/public_html/July/staffhome/Dhome/Family_friends/Family_friends Family_Friends4_small.jpg
100.07.20 19:10 B C:\Dhome\Family_friends\Family_friends\Family_Friends5.jpg --> sc5.sci.hkbu.edu.hk /home/wkpceng/public_html/July/staffhome/Dhome/Family_friends/Family_friends Family_Friends5.jpg
100.07.20 19:10 B C:\Dhome\Family_friends\Family_friends\Family_Friends5_small.jpg --> sc5.sci.hkbu.edu.hk /home/wkpceng/public_html/July/staffhome/Dhome/Family_friends/Family_friends Family_Friends5_small.jpg
100.07.20 19:10 B C:\Dhome\Family_friends\Family_friends\Family_Friends6.jpg --> sc5.sci.hkbu.edu.hk /home/wkpceng/public_html/July/staffhome/Dhome/Family_friends/Family_friends Family_Friends6.jpg
100.07.20 19:10 B C:\Dhome\Family_friends\Family_friends\Family_Friends6_small.jpg --> sc5.sci.hkbu.edu.hk /home/wkpceng/public_html/July/staffhome/Dhome/Family_friends/Family_friends Family_Friends6_small.jpg
100.07.20 19:10 B C:\Dhome\Family_friends\Family_friends\Family_Friends7.jpg --> sc5.sci.hkbu.edu.hk /home/wkpceng/public_html/July/staffhome/Dhome/Family_friends/Family_friends Family_Friends7.jpg
100.07.20 19:10 B C:\Dhome\Family_friends\Family_friends\Family_Friends7_small.jpg --> sc5.sci.hkbu.edu.hk /home/wkpceng/public_html/July/staffhome/Dhome/Family_friends/Family_friends Family_Friends7_small.jpg
100.07.20 19:10 B C:\Dhome\Family_friends\Family_friends\Family_Friends8.jpg --> sc5.sci.hkbu.edu.hk /home/wkpceng/public_html/July/staffhome/Dhome/Family_friends/Family_friends Family_Friends8.jpg
100.07.20 19:10 B C:\Dhome\Family_friends\Family_friends\Family_Friends8_small.jpg --> sc5.sci.hkbu.edu.hk /home/wkpceng/public_html/July/staffhome/Dhome/Family_friends/Family_friends Family_Friends8_small.jpg
100.07.20 19:10 B C:\Dhome\Family_friends\Family_friends\Family_Friends9.jpg --> sc5.sci.hkbu.edu.hk /home/wkpceng/public_html/July/staffhome/Dhome/Family_friends/Family_friends Family_Friends9.jpg
100.07.20 19:10 B C:\Dhome\Family_friends\Family_friends\Family_Friends9_small.jpg --> sc5.sci.hkbu.edu.hk /home/wkpceng/public_html/July/staffhome/Dhome/Family_friends/Family_friends Family_Friends9_small.jpg
100.07.20 19:10 B C:\Dhome\Family_friends\Family_friends\WS_FTP.LOG --> sc5.sci.hkbu.edu.hk /home/wkpceng/public_html/July/staffhome/Dhome/Family_friends/Family_friends WS_FTP.LOG
100.07.20 19:58 B C:\Dhome\Family_friends\Family_friends\Family_Friends1.jpg --> sc5.sci.hkbu.edu.hk /home/wkpceng/public_html/July/staffhome/Dhome/Family_friends/Family_friends Family_Friends1.jpg
100.07.20 19:58 B C:\Dhome\Family_friends\Family_friends\Family_Friends1_small.jpg --> sc5.sci.hkbu.edu.hk /home/wkpceng/public_html/July/staffhome/Dhome/Family_friends/Family_friends Family_Friends1_small.jpg
100.07.20 19:58 B C:\Dhome\Family_friends\Family_friends\Family_Friends2.jpg --> sc5.sci.hkbu.edu.hk /home/wkpceng/public_html/July/staffhome/Dhome/Family_friends/Family_friends Family_Friends2.jpg
100.07.20 19:58 B C:\Dhome\Family_friends\Family_friends\Family_Friends2_small.jpg --> sc5.sci.hkbu.edu.hk /home/wkpceng/public_html/July/staffhome/Dhome/Family_friends/Family_friends Family_Friends2_small.jpg
100.07.20 19:58 B C:\Dhome\Family_friends\Family_friends\Family_Friends3.jpg --> sc5.sci.hkbu.edu.hk /home/wkpceng/public_html/July/staffhome/Dhome/Family_friends/Family_friends Family_Friends3.jpg
100.07.20 19:58 B C:\Dhome\Family_friends\Family_friends\Family_Friends3_small.jpg --> sc5.sci.hkbu.edu.hk /home/wkpceng/public_html/July/staffhome/Dhome/Family_friends/Family_friends Family_Friends3_small.jpg
100.07.20 19:58 B C:\Dhome\Family_friends\Family_friends\Family_Friends4.jpg --> sc5.sci.hkbu.edu.hk /home/wkpceng/public_html/July/staffhome/Dhome/Family_friends/Family_friends Family_Friends4.jpg
100.07.20 19:58 B C:\Dhome\Family_friends\Family_friends\Family_Friends4_small.jpg --> sc5.sci.hkbu.edu.hk /home/wkpceng/public_html/July/staffhome/Dhome/Family_friends/Family_friends Family_Friends4_small.jpg
100.07.20 19:58 B C:\Dhome\Family_friends\Family_friends\Family_Friends5.jpg --> sc5.sci.hkbu.edu.hk /home/wkpceng/public_html/July/staffhome/Dhome/Family_friends/Family_friends Family_Friends5.jpg
100.07.20 19:58 B C:\Dhome\Family_friends\Family_friends\Family_Friends5_small.jpg --> sc5.sci.hkbu.edu.hk /home/wkpceng/public_html/July/staffhome/Dhome/Family_friends/Family_friends Family_Friends5_small.jpg
100.07.20 19:58 B C:\Dhome\Family_friends\Family_friends\Family_Friends6.jpg --> sc5.sci.hkbu.edu.hk /home/wkpceng/public_html/July/staffhome/Dhome/Family_friends/Family_friends Family_Friends6.jpg
100.07.20 19:58 B C:\Dhome\Family_friends\Family_friends\Family_Friends6_small.jpg --> sc5.sci.hkbu.edu.hk /home/wkpceng/public_html/July/staffhome/Dhome/Family_friends/Family_friends Family_Friends6_small.jpg
100.07.20 19:58 B C:\Dhome\Family_friends\Family_friends\Family_Friends7.jpg --> sc5.sci.hkbu.edu.hk /home/wkpceng/public_html/July/staffhome/Dhome/Family_friends/Family_friends Family_Friends7.jpg
100.07.20 19:58 B C:\Dhome\Family_friends\Family_friends\Family_Friends7_small.jpg --> sc5.sci.hkbu.edu.hk /home/wkpceng/public_html/July/staffhome/Dhome/Family_friends/Family_friends Family_Friends7_small.jpg
100.07.20 19:58 B C:\Dhome\Family_friends\Family_friends\Family_Friends8.jpg --> sc5.sci.hkbu.edu.hk /home/wkpceng/public_html/July/staffhome/Dhome/Family_friends/Family_friends Family_Friends8.jpg
100.07.20 19:58 B C:\Dhome\Family_friends\Family_friends\Family_Friends8_small.jpg --> sc5.sci.hkbu.edu.hk /home/wkpceng/public_html/July/staffhome/Dhome/Family_friends/Family_friends Family_Friends8_small.jpg
100.07.20 19:58 B C:\Dhome\Family_friends\Family_friends\Family_Friends9.jpg --> sc5.sci.hkbu.edu.hk /home/wkpceng/public_html/July/staffhome/Dhome/Family_friends/Family_friends Family_Friends9.jpg
100.07.20 19:58 B C:\Dhome\Family_friends\Family_friends\Family_Friends9_small.jpg --> sc5.sci.hkbu.edu.hk /home/wkpceng/public_html/July/staffhome/Dhome/Family_friends/Family_friends Family_Friends9_small.jpg
2000.07.24 09:07 B D:\workplaceENG\Dhome\Family_friends\Family_friends\WS_FTP.LOG <-- sc5 /usr/local/apache/htdocs/workplaceENG/July/staffhome/Dhome/Family_friends/Family_friends WS_FTP.LOG
